\o Program:		@(#)$CDS: libManager version 6.1.7 - CAT35 12/07/2016 00:37 (sjfqos809) $
\o Sub version:		sub-version  s031 
\o Arguments:		-unmapped -mpssession virtuoso21505 -mpshost JCAD03 
\o Working Directory:	JCAD03:/raidj/user/t28/t28u25/etron/ADC_SAR4BIT/runLPE
\o 64-bit offsets
\o Qt version: 		4.8.5
\o changeWorkingDir("/raidj/user/t28/t28u25/etron/ADC_SAR4BIT/runLPE") unnecessary.
\o ddSetForcedLib("") unnecessary.
\o Log file is "/raidj/user/t28/t28u25/etron/ADC_SAR4BIT/runLPE/libManager.log".
\o Opening libManager window.
\a nrSetWindowVisibility(cdsLibManager "show")
\o MPS service: map window
\o Library Manager customization server connected.
\a nrResizeWindow(cdsLibManager list(681 172 797 721))
\a nrSetCurrentWindow(cdsLibManager)
\a _lmgrCloseIconify("cdsLibManager" 1)
\a nrResizeWindow(cdsLibManager list(0 0 797 721))
\o MPS service: shutdown
\o libManager is exiting.
\a nrSetWindowVisibility(cdsLibManager "hide")
\a exit(0)
