********************************************************************************
Product   : Virtuoso(R) XStream Out
Program   : @(#)$CDS: strmout version 6.1.7-64b 01/24/2017 19:49 (sjfhw308) $
          : sub-version  IC6.1.7-64b.500.9 
Started at: 05-Jun-2021  16:30:58
User Name : t28u25
Host Name : JCAD03
Directory : /raidj/user/t28/t28u25/etron
CADENCE Design Systems, Inc.
********************************************************************************
Info: Cellview Rev Num:99,  Tech Rev Num:59

WARNING (XSTRM-20): Output Stream file '/user/t28/t28u25/frank/project/runLPE/gds/ARRAY_CAP_T1.gds' already exists. It will be overwritten.
INFO (XSTRM-217): Reading the layer map file, /raidj/user/t28/t28u25/PDK_1P9M6X2Z/tsmcN28/tsmcN28.layermap
INFO (XSTRM-162): You have not used the viaMap option. If the OpenAccess design has native oaVia instances, use the -viaMap option for preserving oaVia instances in a Stream Out - Stream In round trip. Using the -viaMap option improves performance and VM usage of applications using the Streamed-In design.  For details on the viaMap option, refer to the "Design Data Translator's Reference" guide for XStream.

Summary of Options :
library                                 ADC_SAR4BIT
strmFile                                /user/t28/t28u25/frank/project/runLPE/gds/ARRAY_CAP_T1.gds
topCell                                 ARRAY_CMP_T1
view                                    layout_skill
logFile                                 /user/t28/t28u25/frank/project/runLPE/strmout.log
layerMap                                /raidj/user/t28/t28u25/PDK_1P9M6X2Z/tsmcN28/tsmcN28.layermap
case                                    Preserve
convertDot                              node

INFO (XSTRM-223): 1. Translating cellView tsmcN28/M6_M5/layout as STRUCTURE M6_M5_CDNS_622881858050.
INFO (XSTRM-223): 2. Translating cellView tsmcN28/M5_M4/layout as STRUCTURE M5_M4_CDNS_622881858051.
INFO (XSTRM-223): 3. Translating cellView tsmcN28/M4_M3/layout as STRUCTURE M4_M3_CDNS_622881858052.
INFO (XSTRM-223): 4. Translating cellView tsmcN28/M3_M2/layout as STRUCTURE M3_M2_CDNS_622881858053.
INFO (XSTRM-223): 5. Translating cellView tsmcN28/M2_M1/layout as STRUCTURE M2_M1_CDNS_622881858054.
INFO (XSTRM-223): 6. Translating cellView tsmcN28/M5_M4/layout as STRUCTURE M5_M4_CDNS_622881858055.
INFO (XSTRM-223): 7. Translating cellView tsmcN28/M6_M5/layout as STRUCTURE M6_M5_CDNS_622881858056.
INFO (XSTRM-223): 8. Translating cellView tsmcN28/M5_M4/layout as STRUCTURE M5_M4_CDNS_622881858057.
INFO (XSTRM-223): 9. Translating cellView ADC_SAR4BIT/CU1F/layout as STRUCTURE CU1F.
INFO (XSTRM-223): 10. Translating cellView ADC_SAR4BIT/ARRAY_CMP_T1/layout_skill as STRUCTURE ARRAY_CMP_T1.

Summary of Objects Translated:
	Scalar Instances:                       22
	Array Instances:                        0
	Polygons:                               0
	Paths:                                  53
	Rectangles:                             50
	Lines:                                  0
	Arcs:                                   0
	Donuts:                                 0
	Dots:                                   0
	Ellipses:                               0
	Boundaries:                             0
	Area Blockages:                         0
	Layer Blockages:                        0
	Area Halos:                             0
	Markers:                                0
	Rows:                                   0
	Standard Vias                           107
	Custom Vias:                            0
	CdsGen Vias:                            0
	Pathsegs:                               9
	Text:                                   9
	TextDisplay:                            0
	Cells:                                  10

Elapsed Time: 0.9s   User Time: 0.5s   CPU Time: 0.3s   Peak VM: 571028KB
INFO (XSTRM-234): Translation completed. '0' error(s) and '1' warning(s) found.
